<?xml version="1.0" encoding="UTF-8"?>
<testsuite xmlns:xsi="http://www.w3.org/2001/XMLSchema-instance" xsi:noNamespaceSchemaLocation="https://maven.apache.org/surefire/maven-surefire-plugin/xsd/surefire-test-report-3.0.xsd" version="3.0" name="com.rishisystem.progression.ProgressionServiceTest" time="13.97" tests="4" errors="0" skipped="0" failures="0">
  <properties>
[...]
</properties>
  <testcase name="calculatesLevelUpWithCarryForward" classname="com.rishisystem.progression.ProgressionServiceTest" time="1.039">
    <system-out><![CDATA[18:16:47.341 [main] INFO org.springframework.test.context.support.AnnotationConfigContextLoaderUtils -- Could not detect default configuration classes for test class [com.rishisystem.progression.ProgressionServiceTest]: ProgressionServiceTest does not declare any static, non-private, non-final, nested classes annotated with @Configuration.
18:16:47.641 [main] INFO org.springframework.boot.test.context.SpringBootTestContextBootstrapper -- Found @SpringBootConfiguration com.rishisystem.RishiSystemApplication for test class com.rishisystem.progression.ProgressionServiceTest

  .   ____          _            __ _ _
 /\\ / ___'_ __ _ _(_)_ __  __ _ \ \ \ \
( ( )\___ | '_ | '_| | '_ \/ _` | \ \ \ \
 \\/  ___)| |_)| | | | | || (_| |  ) ) ) )
  '  |____| .__|_| |_|_| |_\__, | / / / /
 =========|_|==============|___/=/_/_/_/
 :: Spring Boot ::                (v3.2.6)

2026-04-29T18:16:48.526+05:30  INFO 16236 --- [kaalix] [           main] c.r.progression.ProgressionServiceTest   : Starting ProgressionServiceTest using Java 25.0.1 with PID 16236 (started by rishi in R:\project\codex)
2026-04-29T18:16:48.529+05:30  INFO 16236 --- [kaalix] [           main] c.r.progression.ProgressionServiceTest   : The following 1 profile is active: "mysql"
2026-04-29T18:16:50.298+05:30  INFO 16236 --- [kaalix] [           main] .s.d.r.c.RepositoryConfigurationDelegate : Bootstrapping Spring Data JPA repositories in DEFAULT mode.
2026-04-29T18:16:50.475+05:30  INFO 16236 --- [kaalix] [           main] .s.d.r.c.RepositoryConfigurationDelegate : Finished Spring Data repository scanning in 154 ms. Found 7 JPA repository interfaces.
2026-04-29T18:16:51.747+05:30  INFO 16236 --- [kaalix] [           main] com.zaxxer.hikari.HikariDataSource       : HikariPool-1 - Starting...
2026-04-29T18:16:52.247+05:30  INFO 16236 --- [kaalix] [           main] com.zaxxer.hikari.pool.HikariPool        : HikariPool-1 - Added connection conn0: url=jdbc:h2:mem:kaalix-test user=SA
2026-04-29T18:16:52.261+05:30  INFO 16236 --- [kaalix] [           main] com.zaxxer.hikari.HikariDataSource       : HikariPool-1 - Start completed.
2026-04-29T18:16:52.790+05:30  INFO 16236 --- [kaalix] [           main] o.hibernate.jpa.internal.util.LogHelper  : HHH000204: Processing PersistenceUnitInfo [name: default]
2026-04-29T18:16:53.039+05:30  INFO 16236 --- [kaalix] [           main] org.hibernate.Version                    : HHH000412: Hibernate ORM core version 6.4.8.Final
2026-04-29T18:16:53.124+05:30  INFO 16236 --- [kaalix] [           main] o.h.c.internal.RegionFactoryInitiator    : HHH000026: Second-level cache disabled
2026-04-29T18:16:53.624+05:30  INFO 16236 --- [kaalix] [           main] o.s.o.j.p.SpringPersistenceUnitInfo      : No LoadTimeWeaver setup: ignoring JPA class transformer
2026-04-29T18:16:55.539+05:30  INFO 16236 --- [kaalix] [           main] o.h.e.t.j.p.i.JtaPlatformInitiator       : HHH000489: No JTA platform available (set 'hibernate.transaction.jta.platform' to enable JTA platform integration)
2026-04-29T18:16:55.642+05:30  INFO 16236 --- [kaalix] [           main] j.LocalContainerEntityManagerFactoryBean : Initialized JPA EntityManagerFactory for persistence unit 'default'
2026-04-29T18:16:58.105+05:30  INFO 16236 --- [kaalix] [           main] o.s.b.a.w.s.WelcomePageHandlerMapping    : Adding welcome page: class path resource [static/index.html]
2026-04-29T18:16:59.475+05:30  INFO 16236 --- [kaalix] [           main] o.s.b.a.h2.H2ConsoleAutoConfiguration    : H2 console available at '/h2-console'. Database available at 'jdbc:h2:mem:kaalix-test'
2026-04-29T18:16:59.672+05:30  INFO 16236 --- [kaalix] [           main] c.r.progression.ProgressionServiceTest   : Started ProgressionServiceTest in 11.744 seconds (process running for 13.629)
]]></system-out>
    <system-err><![CDATA[WARNING: A Java agent has been loaded dynamically (R:\project\codex\.m2repo\net\bytebuddy\byte-buddy-agent\1.14.16\byte-buddy-agent-1.14.16.jar)
WARNING: If a serviceability tool is in use, please run with -XX:+EnableDynamicAgentLoading to hide this warning
WARNING: If a serviceability tool is not in use, please run with -Djdk.instrument.traceUsage for more information
WARNING: Dynamic loading of agents will be disallowed by default in a future release
]]></system-err>
  </testcase>
  <testcase name="handlesNegativeTxpAndZeroTasks" classname="com.rishisystem.progression.ProgressionServiceTest" time="0.127"/>
  <testcase name="mapsRankFromPerformanceScore" classname="com.rishisystem.progression.ProgressionServiceTest" time="0.031"/>
  <testcase name="incrementsAndResetsStreak" classname="com.rishisystem.progression.ProgressionServiceTest" time="0.08"/>
</testsuite>